# JRE version: OpenJDK Runtime Environment (Red_Hat-17.0.6.0.9-0.3.ea.el8) (17.0.6+9) (build 17.0.6-ea+9-LTS)
# Java VM: OpenJDK 64-Bit Server VM (Red_Hat-17.0.6.0.9-0.3.ea.el8) (17.0.6-ea+9-LTS, mixed mode, sharing, tiered, compressed oops, compressed class ptrs, g1 gc, linux-amd64)
GC Precious Log:
 CPUs: 2 total, 2 available
 Memory: 3653M
 Large Page Support: Disabled
 NUMA Support: Disabled
 Compressed Oops: Enabled (32-bit)
 Heap Region Size: 1M
 Heap Min Capacity: 8M
 Heap Initial Capacity: 58M
 Heap Max Capacity: 914M
 Pre-touch: Disabled
 Parallel Workers: 2
 Concurrent Workers: 1
 Concurrent Refinement Workers: 2
 Periodic GC: Disabled
Heap:
 garbage-first heap   total 129024K, used 24860K [0x00000000c6e00000, 0x0000000100000000)
  region size 1024K, 1 young (1024K), 1 survivors (1024K)
 Metaspace       used 52470K, committed 53120K, reserved 1097728K
  class space    used 6202K, committed 6528K, reserved 1048576K
GC Heap History (20 events):
Event: 8245.626 GC heap after
{Heap after GC invocations=25 (full 0):
 garbage-first heap   total 129024K, used 22816K [0x00000000c6e00000, 0x0000000100000000)
  region size 1024K, 4 young (4096K), 4 survivors (4096K)
 Metaspace       used 49791K, committed 50304K, reserved 1097728K
  class space    used 6084K, committed 6336K, reserved 1048576K
}
Event: 11948.726 GC heap before
{Heap before GC invocations=25 (full 0):
 garbage-first heap   total 129024K, used 95520K [0x00000000c6e00000, 0x0000000100000000)
  region size 1024K, 75 young (76800K), 4 survivors (4096K)
 Metaspace       used 49838K, committed 50304K, reserved 1097728K
  class space    used 6085K, committed 6336K, reserved 1048576K
}
Event: 11948.738 GC heap after
{Heap after GC invocations=26 (full 0):
 garbage-first heap   total 129024K, used 23211K [0x00000000c6e00000, 0x0000000100000000)
  region size 1024K, 5 young (5120K), 5 survivors (5120K)
 Metaspace       used 49838K, committed 50304K, reserved 1097728K
  class space    used 6085K, committed 6336K, reserved 1048576K
}
Event: 14496.439 GC heap before
{Heap before GC invocations=26 (full 0):
 garbage-first heap   total 129024K, used 94891K [0x00000000c6e00000, 0x0000000100000000)
  region size 1024K, 75 young (76800K), 5 survivors (5120K)
 Metaspace       used 50285K, committed 50816K, reserved 1097728K
  class space    used 6100K, committed 6336K, reserved 1048576K
}
Event: 14496.450 GC heap after
{Heap after GC invocations=27 (full 0):
 garbage-first heap   total 129024K, used 23204K [0x00000000c6e00000, 0x0000000100000000)
  region size 1024K, 5 young (5120K), 5 survivors (5120K)
 Metaspace       used 50285K, committed 50816K, reserved 1097728K
  class space    used 6100K, committed 6336K, reserved 1048576K
}
Event: 16794.109 GC heap before
{Heap before GC invocations=27 (full 0):
 garbage-first heap   total 129024K, used 94884K [0x00000000c6e00000, 0x0000000100000000)
  region size 1024K, 75 young (76800K), 5 survivors (5120K)
 Metaspace       used 51213K, committed 51776K, reserved 1097728K
  class space    used 6132K, committed 6400K, reserved 1048576K
}
Event: 16794.122 GC heap after
{Heap after GC invocations=28 (full 0):
 garbage-first heap   total 129024K, used 23609K [0x00000000c6e00000, 0x0000000100000000)
  region size 1024K, 5 young (5120K), 5 survivors (5120K)
 Metaspace       used 51213K, committed 51776K, reserved 1097728K
  class space    used 6132K, committed 6400K, reserved 1048576K
}
Event: 18937.489 GC heap before
{Heap before GC invocations=28 (full 0):
 garbage-first heap   total 129024K, used 94265K [0x00000000c6e00000, 0x0000000100000000)
  region size 1024K, 75 young (76800K), 5 survivors (5120K)
 Metaspace       used 51755K, committed 52288K, reserved 1097728K
  class space    used 6165K, committed 6400K, reserved 1048576K
}
Event: 18937.506 GC heap after
{Heap after GC invocations=29 (full 0):
 garbage-first heap   total 129024K, used 23840K [0x00000000c6e00000, 0x0000000100000000)
  region size 1024K, 5 young (5120K), 5 survivors (5120K)
 Metaspace       used 51755K, committed 52288K, reserved 1097728K
  class space    used 6165K, committed 6400K, reserved 1048576K
}
Event: 20976.802 GC heap before
{Heap before GC invocations=29 (full 0):
 garbage-first heap   total 129024K, used 95520K [0x00000000c6e00000, 0x0000000100000000)
  region size 1024K, 75 young (76800K), 5 survivors (5120K)
 Metaspace       used 52456K, committed 53120K, reserved 1097728K
  class space    used 6202K, committed 6528K, reserved 1048576K
}
Event: 20986.536 GC heap after
{Heap after GC invocations=30 (full 0):
 garbage-first heap   total 129024K, used 24784K [0x00000000c6e00000, 0x0000000100000000)
  region size 1024K, 6 young (6144K), 6 survivors (6144K)
 Metaspace       used 52456K, committed 53120K, reserved 1097728K
  class space    used 6202K, committed 6528K, reserved 1048576K
}
Event: 21018.508 GC heap before
{Heap before GC invocations=30 (full 0):
 garbage-first heap   total 129024K, used 25808K [0x00000000c6e00000, 0x0000000100000000)
  region size 1024K, 7 young (7168K), 6 survivors (6144K)
 Metaspace       used 52457K, committed 53120K, reserved 1097728K
  class space    used 6202K, committed 6528K, reserved 1048576K
}
Event: 21031.080 GC heap after
{Heap after GC invocations=31 (full 0):
 garbage-first heap   total 129024K, used 25262K [0x00000000c6e00000, 0x0000000100000000)
  region size 1024K, 1 young (1024K), 1 survivors (1024K)
 Metaspace       used 52457K, committed 53120K, reserved 1097728K
  class space    used 6202K, committed 6528K, reserved 1048576K
}
Event: 21297.949 GC heap before
{Heap before GC invocations=31 (full 0):
 garbage-first heap   total 129024K, used 30382K [0x00000000c6e00000, 0x0000000100000000)
  region size 1024K, 6 young (6144K), 1 survivors (1024K)
 Metaspace       used 52457K, committed 53120K, reserved 1097728K
  class space    used 6202K, committed 6528K, reserved 1048576K
}
Event: 21389.911 GC heap after
{Heap after GC invocations=32 (full 0):
 garbage-first heap   total 129024K, used 24503K [0x00000000c6e00000, 0x0000000100000000)
  region size 1024K, 1 young (1024K), 1 survivors (1024K)
 Metaspace       used 52457K, committed 53120K, reserved 1097728K
  class space    used 6202K, committed 6528K, reserved 1048576K
}
Event: 21556.528 GC heap before
{Heap before GC invocations=32 (full 0):
 garbage-first heap   total 129024K, used 29623K [0x00000000c6e00000, 0x0000000100000000)
  region size 1024K, 6 young (6144K), 1 survivors (1024K)
 Metaspace       used 52458K, committed 53120K, reserved 1097728K
  class space    used 6202K, committed 6528K, reserved 1048576K
}
Event: 21583.823 GC heap after
{Heap after GC invocations=33 (full 0):
 garbage-first heap   total 129024K, used 24578K [0x00000000c6e00000, 0x0000000100000000)
  region size 1024K, 1 young (1024K), 1 survivors (1024K)
 Metaspace       used 52458K, committed 53120K, reserved 1097728K
  class space    used 6202K, committed 6528K, reserved 1048576K
}
Event: 21637.409 GC heap before
{Heap before GC invocations=33 (full 0):
 garbage-first heap   total 129024K, used 28674K [0x00000000c6e00000, 0x0000000100000000)
  region size 1024K, 6 young (6144K), 1 survivors (1024K)
 Metaspace       used 52470K, committed 53120K, reserved 1097728K
  class space    used 6202K, committed 6528K, reserved 1048576K
}
Event: 21640.553 GC heap after
{Heap after GC invocations=34 (full 0):
 garbage-first heap   total 129024K, used 24749K [0x00000000c6e00000, 0x0000000100000000)
  region size 1024K, 1 young (1024K), 1 survivors (1024K)
 Metaspace       used 52470K, committed 53120K, reserved 1097728K
  class space    used 6202K, committed 6528K, reserved 1048576K
}
Event: 21761.612 GC heap before
{Heap before GC invocations=34 (full 0):
 garbage-first heap   total 129024K, used 29869K [0x00000000c6e00000, 0x0000000100000000)
  region size 1024K, 6 young (6144K), 1 survivors (1024K)
 Metaspace       used 52470K, committed 53120K, reserved 1097728K
  class space    used 6202K, committed 6528K, reserved 1048576K
}

